<?xml version="1.0" encoding="UTF-8"?>
<testsuite xmlns:xsi="http://www.w3.org/2001/XMLSchema-instance" xsi:noNamespaceSchemaLocation="https://maven.apache.org/surefire/maven-surefire-plugin/xsd/surefire-test-report.xsd" name="com.fmse.tests.PriorityQueueImplementationTest" time="0.024" tests="12" errors="0" skipped="0" failures="0">
  <properties>
[...]
</properties>
  <testcase name="testZeroCapacityPQueueInit" classname="com.fmse.tests.PriorityQueueImplementationTest" time="0.004"/>
  <testcase name="testHighestPriority" classname="com.fmse.tests.PriorityQueueImplementationTest" time="0.001"/>
  <testcase name="testIsEmptyMethodForFilledPQueue" classname="com.fmse.tests.PriorityQueueImplementationTest" time="0"/>
  <testcase name="testIsEmptyMethodForEmptyPQueue" classname="com.fmse.tests.PriorityQueueImplementationTest" time="0.001"/>
  <testcase name="testInsertThrowsCapacityException" classname="com.fmse.tests.PriorityQueueImplementationTest" time="0"/>
  <testcase name="testGetCapacityMethod" classname="com.fmse.tests.PriorityQueueImplementationTest" time="0.001"/>
  <testcase name="testPullHighestPriority" classname="com.fmse.tests.PriorityQueueImplementationTest" time="0"/>
  <testcase name="testNegativeCapacityPQueueInit" classname="com.fmse.tests.PriorityQueueImplementationTest" time="0"/>
  <testcase name="testEmptyPQueueInit" classname="com.fmse.tests.PriorityQueueImplementationTest" time="0"/>
  <testcase name="testInsertWithPriorityMethod" classname="com.fmse.tests.PriorityQueueImplementationTest" time="0"/>
  <testcase name="testInsertWithPriorityThrowsCapacityException" classname="com.fmse.tests.PriorityQueueImplementationTest" time="0.001"/>
  <testcase name="testInsertMethod" classname="com.fmse.tests.PriorityQueueImplementationTest" time="0"/>
</testsuite>